<?xml version="1.0" encoding="UTF-8"?>
<!-- Generated by org.testng.reporters.JUnitReportReporter -->
<testsuite skipped="0" hostname="IN00149" name="trackorders" tests="1" failures="0" timestamp="16 Mar 2017 07:25:26 GMT" time="13.610" errors="0">
  <testcase name="test" time="13.610" classname="trackorders"/>
</testsuite> <!-- trackorders -->
