<?xml version="1.0" encoding="UTF-8"?>
<!-- Generated by org.testng.reporters.JUnitReportReporter -->
<testsuite skipped="0" hostname="IN00149" name="firstclass" tests="1" failures="0" timestamp="3 Feb 2017 04:39:43 GMT" time="72.463" errors="0">
  <testcase name="test" time="72.463" classname="firstclass"/>
</testsuite> <!-- firstclass -->
