<?xml version="1.0" encoding="UTF-8"?>
<!-- Generated by org.testng.reporters.JUnitReportReporter -->
<testsuite skipped="0" hostname="IN00149" name="webTable" tests="1" failures="0" timestamp="28 Dec 2016 03:58:35 GMT" time="0.004" errors="0">
  <testcase name="testing" time="0.004" classname="webTable"/>
</testsuite> <!-- webTable -->
