<?xml version="1.0" encoding="UTF-8"?>
<!-- Generated by org.testng.reporters.JUnitReportReporter -->
<testsuite skipped="0" hostname="IN00149" name="ElementPresence" tests="1" failures="0" timestamp="20 Jan 2017 06:13:10 GMT" time="6.184" errors="0">
  <testcase name="setup" time="6.184" classname="ElementPresence"/>
</testsuite> <!-- ElementPresence -->
