<?xml version="1.0" encoding="UTF-8"?>
<!-- Generated by org.testng.reporters.JUnitReportReporter -->
<testsuite skipped="0" hostname="IN00149" name="testNG" tests="2" failures="0" timestamp="17 Jan 2017 03:56:38 GMT" time="0.001" errors="0">
  <testcase name="test4" time="0.000" classname="testNG"/>
  <testcase name="test2" time="0.001" classname="testNG"/>
</testsuite> <!-- testNG -->
