<?xml version="1.0" encoding="UTF-8"?>
<!-- Generated by org.testng.reporters.JUnitReportReporter -->
<testsuite skipped="0" hostname="IN00149" name="Alerts" tests="1" failures="0" timestamp="6 Jan 2017 02:51:49 GMT" time="15.314" errors="0">
  <testcase name="test" time="15.314" classname="Alerts"/>
</testsuite> <!-- Alerts -->
