<?xml version="1.0" encoding="UTF-8"?>
<!-- Generated by org.testng.reporters.JUnitReportReporter -->
<testsuite skipped="0" hostname="IN00149" name="submit" tests="1" failures="0" timestamp="6 Jan 2017 03:25:54 GMT" time="2.387" errors="0">
  <testcase name="test" time="2.387" classname="submit"/>
</testsuite> <!-- submit -->
