<?xml version="1.0" encoding="UTF-8"?>
<!-- Generated by org.testng.reporters.JUnitReportReporter -->
<testsuite skipped="0" hostname="IN00149" name="windowPosSize" tests="1" failures="0" timestamp="3 Jan 2017 03:36:05 GMT" time="0.164" errors="0">
  <testcase name="test1" time="0.164" classname="windowPosSize"/>
</testsuite> <!-- windowPosSize -->
