<?xml version="1.0" encoding="UTF-8"?>
<!-- Generated by org.testng.reporters.JUnitReportReporter -->
<testsuite skipped="0" hostname="IN00149" name="ajaxAuto" tests="2" failures="0" timestamp="29 Dec 2016 03:28:14 GMT" time="38.554" errors="0">
  <testcase name="test" time="14.604" classname="ajaxAuto"/>
  <testcase name="test" time="23.950" classname="ajaxAuto"/>
</testsuite> <!-- ajaxAuto -->
