<?xml version="1.0" encoding="UTF-8"?>
<!-- Generated by org.testng.reporters.JUnitReportReporter -->
<testsuite skipped="0" hostname="IN00149" name="pageLoad" tests="1" failures="0" timestamp="4 Jan 2017 06:52:02 GMT" time="0.010" errors="0">
  <testcase name="test" time="0.010" classname="pageLoad"/>
</testsuite> <!-- pageLoad -->
