<?xml version="1.0" encoding="UTF-8"?>
<!-- Generated by org.testng.reporters.JUnitReportReporter -->
<testsuite skipped="0" hostname="IN00149" name="data" tests="2" failures="0" timestamp="20 Jan 2017 06:11:37 GMT" time="0.016" errors="0">
  <testcase name="yellow" time="0.016" classname="data"/>
  <testcase name="yellow" time="0.000" classname="data"/>
</testsuite> <!-- data -->
