<?xml version="1.0" encoding="UTF-8"?>
<!-- Generated by org.testng.reporters.JUnitReportReporter -->
<testsuite skipped="0" hostname="IN00149" name="dataDriven" tests="2" failures="0" timestamp="19 Dec 2016 07:09:40 GMT" time="10.163" errors="0">
  <testcase name="twice" time="5.443" classname="dataDriven"/>
  <testcase name="twice" time="4.720" classname="dataDriven"/>
</testsuite> <!-- dataDriven -->
