<?xml version="1.0" encoding="UTF-8"?>
<!-- Generated by org.testng.reporters.JUnitReportReporter -->
<testsuite skipped="0" hostname="IN00149" name="findElement" tests="1" failures="0" timestamp="29 Nov 2016 03:18:57 GMT" time="7.846" errors="0">
  <testcase name="findelement" time="7.846" classname="findElement"/>
</testsuite> <!-- findElement -->
