<?xml version="1.0" encoding="UTF-8"?>
<!-- Generated by org.testng.reporters.JUnitReportReporter -->
<testsuite skipped="0" hostname="IN00149" name="dateSelector" tests="1" failures="0" timestamp="11 Jan 2017 09:13:26 GMT" time="11.598" errors="0">
  <testcase name="setup" time="11.598" classname="dateSelector"/>
</testsuite> <!-- dateSelector -->
