<?xml version="1.0" encoding="UTF-8"?>
<!-- Generated by org.testng.reporters.JUnitReportReporter -->
<testsuite skipped="0" hostname="IN00149" name="enableDisableElement" tests="1" failures="0" timestamp="9 Jan 2017 09:59:13 GMT" time="28.029" errors="0">
  <testcase name="setup" time="28.029" classname="enableDisableElement"/>
</testsuite> <!-- enableDisableElement -->
