<?xml version="1.0" encoding="UTF-8"?>
<!-- Generated by org.testng.reporters.JUnitReportReporter -->
<testsuite skipped="0" hostname="IN00149" name="getXY" tests="2" failures="0" timestamp="30 Dec 2016 04:07:23 GMT" time="7.933" errors="0">
  <testcase name="test" time="3.674" classname="getXY"/>
  <testcase name="test" time="4.259" classname="getXY"/>
</testsuite> <!-- getXY -->
