<?xml version="1.0" encoding="UTF-8"?>
<!-- Generated by org.testng.reporters.JUnitReportReporter -->
<testsuite skipped="0" hostname="IN00149" name="ElementPresence" tests="1" failures="0" timestamp="9 Jan 2017 06:54:37 GMT" time="20.939" errors="0">
  <testcase name="setup" time="20.939" classname="ElementPresence"/>
</testsuite> <!-- ElementPresence -->
