<?xml version="1.0" encoding="UTF-8"?>
<!-- Generated by org.testng.reporters.JUnitReportReporter -->
<testsuite skipped="0" hostname="IN00149" name="runTestNG" tests="1" failures="0" timestamp="17 Jan 2017 03:56:39 GMT" time="0.120" errors="0">
  <testcase name="test" time="0.120" classname="runTestNG"/>
</testsuite> <!-- runTestNG -->
