<?xml version="1.0" encoding="UTF-8"?>
<!-- Generated by org.testng.reporters.JUnitReportReporter -->
<testsuite skipped="0" hostname="IN00149" name="profileFirefox" tests="1" failures="0" timestamp="22 Nov 2016 04:57:04 GMT" time="10.885" errors="0">
  <testcase name="profile" time="10.885" classname="profileFirefox"/>
</testsuite> <!-- profileFirefox -->
