<?xml version="1.0" encoding="UTF-8"?>
<!-- Generated by org.testng.reporters.JUnitReportReporter -->
<testsuite skipped="0" hostname="IN00149" name="scrollIntoView" tests="1" failures="0" timestamp="2 Jan 2017 05:55:34 GMT" time="0.073" errors="0">
  <testcase name="test" time="0.073" classname="scrollIntoView"/>
</testsuite> <!-- scrollIntoView -->
