<?xml version="1.0" encoding="UTF-8"?>
<!-- Generated by org.testng.reporters.JUnitReportReporter -->
<testsuite skipped="0" hostname="IN00149" name="javascripr" tests="1" failures="0" timestamp="9 Jan 2017 06:48:53 GMT" time="0.018" errors="0">
  <testcase name="main" time="0.018" classname="javascripr"/>
</testsuite> <!-- javascripr -->
